[0804/093202.229:ERROR:process_memory_win.cc(73)] ReadMemory at 0x1b815b0fd00 of 72 bytes failed: Only part of a ReadProcessMemory or WriteProcessMemory request was completed. (0x12B)
[0804/093202.229:WARNING:pe_image_annotations_reader.cc(134)] could not read annotations list object in C:\Program Files (x86)\Google\Chrome\Application\84.0.4147.105\chrome_elf.dll
[0804/093202.229:ERROR:process_memory_win.cc(73)] ReadMemory at 0x1b815cd0000 of 64 bytes failed: Only part of a ReadProcessMemory or WriteProcessMemory request was completed. (0x12B)
[0804/093202.229:WARNING:pe_image_reader.cc(340)] could not read dos header from C:\WINDOWS\System32\msvcrt.dll
[0804/093202.229:ERROR:process_memory_win.cc(73)] ReadMemory at 0x1b815b4eb30 of 72 bytes failed: Only part of a ReadProcessMemory or WriteProcessMemory request was completed. (0x12B)
[0804/093202.230:WARNING:pe_image_annotations_reader.cc(134)] could not read annotations list object in C:\Program Files (x86)\Google\Chrome\Application\84.0.4147.105\chrome.dll
[0804/093202.230:ERROR:process_memory_win.cc(73)] ReadMemory at 0x1b817640000 of 64 bytes failed: Only part of a ReadProcessMemory or WriteProcessMemory request was completed. (0x12B)
[0804/093202.230:WARNING:pe_image_reader.cc(340)] could not read dos header from C:\WINDOWS\System32\IMM32.DLL
[0804/093202.233:ERROR:process_memory_win.cc(73)] ReadMemory at 0x1b815b0fd00 of 72 bytes failed: Only part of a ReadProcessMemory or WriteProcessMemory request was completed. (0x12B)
[0804/093202.233:WARNING:pe_image_annotations_reader.cc(134)] could not read annotations list object in C:\Program Files (x86)\Google\Chrome\Application\84.0.4147.105\chrome_elf.dll
[0804/093202.233:ERROR:process_memory_win.cc(73)] ReadMemory at 0x1b815cd0000 of 64 bytes failed: Only part of a ReadProcessMemory or WriteProcessMemory request was completed. (0x12B)
[0804/093202.233:WARNING:pe_image_reader.cc(340)] could not read dos header from C:\WINDOWS\System32\msvcrt.dll
[0804/093202.233:ERROR:process_memory_win.cc(73)] ReadMemory at 0x1b815b4eb30 of 72 bytes failed: Only part of a ReadProcessMemory or WriteProcessMemory request was completed. (0x12B)
[0804/093202.233:WARNING:pe_image_annotations_reader.cc(134)] could not read annotations list object in C:\Program Files (x86)\Google\Chrome\Application\84.0.4147.105\chrome.dll
[0804/093202.234:ERROR:process_memory_win.cc(73)] ReadMemory at 0x1b817640000 of 64 bytes failed: Only part of a ReadProcessMemory or WriteProcessMemory request was completed. (0x12B)
[0804/093202.234:WARNING:pe_image_reader.cc(340)] could not read dos header from C:\WINDOWS\System32\IMM32.DLL
[0804/093202.234:ERROR:process_memory_win.cc(73)] ReadMemory at 0x7ff61fe40000 of 64 bytes failed: Only part of a ReadProcessMemory or WriteProcessMemory request was completed. (0x12B)
[0804/093202.234:WARNING:pe_image_reader.cc(340)] could not read dos header from C:\Program Files (x86)\Google\Chrome\Application\chrome.exe
[0804/093202.234:ERROR:process_memory_win.cc(73)] ReadMemory at 0x1b815b0fd00 of 72 bytes failed: Only part of a ReadProcessMemory or WriteProcessMemory request was completed. (0x12B)
[0804/093202.234:WARNING:pe_image_annotations_reader.cc(134)] could not read annotations list object in C:\Program Files (x86)\Google\Chrome\Application\84.0.4147.105\chrome_elf.dll
[0804/093202.234:ERROR:process_memory_win.cc(73)] ReadMemory at 0x1b815cd0000 of 64 bytes failed: Only part of a ReadProcessMemory or WriteProcessMemory request was completed. (0x12B)
[0804/093202.234:WARNING:pe_image_reader.cc(340)] could not read dos header from C:\WINDOWS\System32\msvcrt.dll
[0804/093202.234:ERROR:process_memory_win.cc(73)] ReadMemory at 0x7ffaf1700000 of 64 bytes failed: Only part of a ReadProcessMemory or WriteProcessMemory request was completed. (0x12B)
[0804/093202.234:WARNING:pe_image_reader.cc(340)] could not read dos header from C:\Program Files (x86)\Google\Chrome\Application\84.0.4147.105\chrome.dll
[0804/093202.235:ERROR:process_memory_win.cc(73)] ReadMemory at 0x1b817640000 of 64 bytes failed: Only part of a ReadProcessMemory or WriteProcessMemory request was completed. (0x12B)
[0804/093202.235:WARNING:pe_image_reader.cc(340)] could not read dos header from C:\WINDOWS\System32\IMM32.DLL
[0804/093202.242:ERROR:process_memory_win.cc(73)] ReadMemory at 0x557c1ed000 of 77824 bytes failed: Only part of a ReadProcessMemory or WriteProcessMemory request was completed. (0x12B)
[0804/093202.242:ERROR:process_memory_win.cc(73)] ReadMemory at 0x557c9fd000 of 12288 bytes failed: Only part of a ReadProcessMemory or WriteProcessMemory request was completed. (0x12B)
[0804/093202.242:ERROR:process_memory_win.cc(73)] ReadMemory at 0x557d1f4000 of 49152 bytes failed: Only part of a ReadProcessMemory or WriteProcessMemory request was completed. (0x12B)
[0804/093202.243:ERROR:process_memory_win.cc(73)] ReadMemory at 0x557d9fd000 of 12288 bytes failed: Only part of a ReadProcessMemory or WriteProcessMemory request was completed. (0x12B)
[0804/093202.243:ERROR:process_memory_win.cc(73)] ReadMemory at 0x557e1fc000 of 16384 bytes failed: Only part of a ReadProcessMemory or WriteProcessMemory request was completed. (0x12B)
[0804/093202.243:ERROR:process_memory_win.cc(73)] ReadMemory at 0x557e9fe000 of 8192 bytes failed: Only part of a ReadProcessMemory or WriteProcessMemory request was completed. (0x12B)
[0804/093202.243:ERROR:process_memory_win.cc(73)] ReadMemory at 0x557f1fd000 of 12288 bytes failed: Only part of a ReadProcessMemory or WriteProcessMemory request was completed. (0x12B)
[0804/093202.243:ERROR:process_memory_win.cc(73)] ReadMemory at 0x557f9fb000 of 20480 bytes failed: Only part of a ReadProcessMemory or WriteProcessMemory request was completed. (0x12B)
[0804/093202.243:ERROR:process_memory_win.cc(73)] ReadMemory at 0x55007fb000 of 20480 bytes failed: Only part of a ReadProcessMemory or WriteProcessMemory request was completed. (0x12B)
[0804/093202.243:ERROR:process_memory_win.cc(73)] ReadMemory at 0x5500ffb000 of 20480 bytes failed: Only part of a ReadProcessMemory or WriteProcessMemory request was completed. (0x12B)
[0804/093202.243:ERROR:process_memory_win.cc(73)] ReadMemory at 0x55017f6000 of 40960 bytes failed: Only part of a ReadProcessMemory or WriteProcessMemory request was completed. (0x12B)
[0804/093202.243:ERROR:process_memory_win.cc(73)] ReadMemory at 0x5501ff5000 of 45056 bytes failed: Only part of a ReadProcessMemory or WriteProcessMemory request was completed. (0x12B)
[0804/093202.243:ERROR:process_memory_win.cc(73)] ReadMemory at 0x55027f7000 of 36864 bytes failed: Only part of a ReadProcessMemory or WriteProcessMemory request was completed. (0x12B)
[0804/093202.243:ERROR:process_memory_win.cc(73)] ReadMemory at 0x5502ffd000 of 12288 bytes failed: Only part of a ReadProcessMemory or WriteProcessMemory request was completed. (0x12B)
[0804/093202.243:ERROR:process_memory_win.cc(73)] ReadMemory at 0x55037fd000 of 12288 bytes failed: Only part of a ReadProcessMemory or WriteProcessMemory request was completed. (0x12B)
[0804/093202.243:ERROR:process_memory_win.cc(73)] ReadMemory at 0x5503ff4000 of 49152 bytes failed: Only part of a ReadProcessMemory or WriteProcessMemory request was completed. (0x12B)
[0804/093202.244:ERROR:process_memory_win.cc(73)] ReadMemory at 0x55047f8000 of 32768 bytes failed: Only part of a ReadProcessMemory or WriteProcessMemory request was completed. (0x12B)
[0804/093202.244:ERROR:process_memory_win.cc(73)] ReadMemory at 0x55057f9000 of 28672 bytes failed: Only part of a ReadProcessMemory or WriteProcessMemory request was completed. (0x12B)
[0804/093202.244:ERROR:process_memory_win.cc(73)] ReadMemory at 0x5505ffd000 of 12288 bytes failed: Only part of a ReadProcessMemory or WriteProcessMemory request was completed. (0x12B)
[0804/093202.244:ERROR:process_memory_win.cc(73)] ReadMemory at 0x55067fd000 of 12288 bytes failed: Only part of a ReadProcessMemory or WriteProcessMemory request was completed. (0x12B)
[0804/093202.244:ERROR:process_memory_win.cc(73)] ReadMemory at 0x5506ffd000 of 12288 bytes failed: Only part of a ReadProcessMemory or WriteProcessMemory request was completed. (0x12B)
[0804/093202.244:ERROR:process_memory_win.cc(73)] ReadMemory at 0x55077fa000 of 24576 bytes failed: Only part of a ReadProcessMemory or WriteProcessMemory request was completed. (0x12B)
[0804/093202.244:ERROR:process_memory_win.cc(73)] ReadMemory at 0x557b8fd000 of 852 bytes failed: Only part of a ReadProcessMemory or WriteProcessMemory request was completed. (0x12B)
[0804/093202.244:ERROR:process_memory_win.cc(73)] ReadMemory at 0x557b8fe000 of 6024 bytes failed: Only part of a ReadProcessMemory or WriteProcessMemory request was completed. (0x12B)
[0804/093202.244:ERROR:process_memory_win.cc(73)] ReadMemory at 0x557b900000 of 6024 bytes failed: Only part of a ReadProcessMemory or WriteProcessMemory request was completed. (0x12B)
[0804/093202.244:ERROR:process_memory_win.cc(73)] ReadMemory at 0x557b902000 of 6024 bytes failed: Only part of a ReadProcessMemory or WriteProcessMemory request was completed. (0x12B)
[0804/093202.244:ERROR:process_memory_win.cc(73)] ReadMemory at 0x557b904000 of 6024 bytes failed: Only part of a ReadProcessMemory or WriteProcessMemory request was completed. (0x12B)
[0804/093202.244:ERROR:process_memory_win.cc(73)] ReadMemory at 0x557b906000 of 6024 bytes failed: Only part of a ReadProcessMemory or WriteProcessMemory request was completed. (0x12B)
[0804/093202.245:ERROR:process_memory_win.cc(73)] ReadMemory at 0x557b908000 of 6024 bytes failed: Only part of a ReadProcessMemory or WriteProcessMemory request was completed. (0x12B)
[0804/093202.245:ERROR:process_memory_win.cc(73)] ReadMemory at 0x557b90a000 of 6024 bytes failed: Only part of a ReadProcessMemory or WriteProcessMemory request was completed. (0x12B)
[0804/093202.245:ERROR:process_memory_win.cc(73)] ReadMemory at 0x557b90c000 of 6024 bytes failed: Only part of a ReadProcessMemory or WriteProcessMemory request was completed. (0x12B)
[0804/093202.245:ERROR:process_memory_win.cc(73)] ReadMemory at 0x557b90e000 of 6024 bytes failed: Only part of a ReadProcessMemory or WriteProcessMemory request was completed. (0x12B)
[0804/093202.245:ERROR:process_memory_win.cc(73)] ReadMemory at 0x557b910000 of 6024 bytes failed: Only part of a ReadProcessMemory or WriteProcessMemory request was completed. (0x12B)
[0804/093202.245:ERROR:process_memory_win.cc(73)] ReadMemory at 0x557b912000 of 6024 bytes failed: Only part of a ReadProcessMemory or WriteProcessMemory request was completed. (0x12B)
[0804/093202.245:ERROR:process_memory_win.cc(73)] ReadMemory at 0x557b914000 of 6024 bytes failed: Only part of a ReadProcessMemory or WriteProcessMemory request was completed. (0x12B)
[0804/093202.245:ERROR:process_memory_win.cc(73)] ReadMemory at 0x557b916000 of 6024 bytes failed: Only part of a ReadProcessMemory or WriteProcessMemory request was completed. (0x12B)
[0804/093202.245:ERROR:process_memory_win.cc(73)] ReadMemory at 0x557b918000 of 6024 bytes failed: Only part of a ReadProcessMemory or WriteProcessMemory request was completed. (0x12B)
[0804/093202.245:ERROR:process_memory_win.cc(73)] ReadMemory at 0x557b91a000 of 6024 bytes failed: Only part of a ReadProcessMemory or WriteProcessMemory request was completed. (0x12B)
[0804/093202.245:ERROR:process_memory_win.cc(73)] ReadMemory at 0x557b91c000 of 6024 bytes failed: Only part of a ReadProcessMemory or WriteProcessMemory request was completed. (0x12B)
[0804/093202.245:ERROR:process_memory_win.cc(73)] ReadMemory at 0x557b91e000 of 6024 bytes failed: Only part of a ReadProcessMemory or WriteProcessMemory request was completed. (0x12B)
[0804/093202.245:ERROR:process_memory_win.cc(73)] ReadMemory at 0x557b922000 of 6024 bytes failed: Only part of a ReadProcessMemory or WriteProcessMemory request was completed. (0x12B)
[0804/093202.245:ERROR:process_memory_win.cc(73)] ReadMemory at 0x557b924000 of 6024 bytes failed: Only part of a ReadProcessMemory or WriteProcessMemory request was completed. (0x12B)
[0804/093202.246:ERROR:process_memory_win.cc(73)] ReadMemory at 0x557b926000 of 6024 bytes failed: Only part of a ReadProcessMemory or WriteProcessMemory request was completed. (0x12B)
[0804/093202.246:ERROR:process_memory_win.cc(73)] ReadMemory at 0x557b928000 of 6024 bytes failed: Only part of a ReadProcessMemory or WriteProcessMemory request was completed. (0x12B)
[0804/093202.246:ERROR:process_memory_win.cc(73)] ReadMemory at 0x557b92a000 of 6024 bytes failed: Only part of a ReadProcessMemory or WriteProcessMemory request was completed. (0x12B)
[0804/093202.246:ERROR:process_memory_win.cc(73)] ReadMemory at 0x1b815a11f00 of 512 bytes failed: Only part of a ReadProcessMemory or WriteProcessMemory request was completed. (0x12B)
[0804/093202.246:ERROR:process_memory_win.cc(73)] ReadMemory at 0x1b815a12500 of 512 bytes failed: Only part of a ReadProcessMemory or WriteProcessMemory request was completed. (0x12B)
[0804/093202.246:ERROR:process_memory_win.cc(73)] ReadMemory at 0x1b815a131c0 of 512 bytes failed: Only part of a ReadProcessMemory or WriteProcessMemory request was completed. (0x12B)
[0804/093202.246:ERROR:process_memory_win.cc(73)] ReadMemory at 0x1b815a14b40 of 512 bytes failed: Only part of a ReadProcessMemory or WriteProcessMemory request was completed. (0x12B)
[0804/093202.246:ERROR:process_memory_win.cc(73)] ReadMemory at 0x1b815b00000 of 384 bytes failed: Only part of a ReadProcessMemory or WriteProcessMemory request was completed. (0x12B)
[0804/093202.246:ERROR:process_memory_win.cc(73)] ReadMemory at 0x1b815b00750 of 58 bytes failed: Only part of a ReadProcessMemory or WriteProcessMemory request was completed. (0x12B)
[0804/093202.246:ERROR:process_memory_win.cc(73)] ReadMemory at 0x1b815b010f0 of 5894 bytes failed: Only part of a ReadProcessMemory or WriteProcessMemory request was completed. (0x12B)
[0804/093202.246:ERROR:process_memory_win.cc(73)] ReadMemory at 0x1b815b02910 of 132 bytes failed: Only part of a ReadProcessMemory or WriteProcessMemory request was completed. (0x12B)
[0804/093202.246:ERROR:process_memory_win.cc(73)] ReadMemory at 0x1b815b02aa0 of 132 bytes failed: Only part of a ReadProcessMemory or WriteProcessMemory request was completed. (0x12B)
[0804/093202.246:ERROR:process_memory_win.cc(73)] ReadMemory at 0x1b815b06e30 of 1012 bytes failed: Only part of a ReadProcessMemory or WriteProcessMemory request was completed. (0x12B)
[0804/093202.246:ERROR:process_memory_win.cc(73)] ReadMemory at 0x1b815b07478 of 118 bytes failed: Only part of a ReadProcessMemory or WriteProcessMemory request was completed. (0x12B)
[0804/093202.246:ERROR:process_memory_win.cc(73)] ReadMemory at 0x1b815b074f0 of 1180 bytes failed: Only part of a ReadProcessMemory or WriteProcessMemory request was completed. (0x12B)
[0804/093202.246:ERROR:process_memory_win.cc(73)] ReadMemory at 0x1b815b0798e of 118 bytes failed: Only part of a ReadProcessMemory or WriteProcessMemory request was completed. (0x12B)
[0804/093202.246:ERROR:process_memory_win.cc(73)] ReadMemory at 0x1b815b07a06 of 96 bytes failed: Only part of a ReadProcessMemory or WriteProcessMemory request was completed. (0x12B)
[0804/093202.246:ERROR:process_memory_win.cc(73)] ReadMemory at 0x1b815b07ab0 of 126 bytes failed: Only part of a ReadProcessMemory or WriteProcessMemory request was completed. (0x12B)
[0804/093202.246:ERROR:process_memory_win.cc(73)] ReadMemory at 0x1b815b07db0 of 132 bytes failed: Only part of a ReadProcessMemory or WriteProcessMemory request was completed. (0x12B)
[0804/093202.246:ERROR:process_memory_win.cc(73)] ReadMemory at 0x1b815b07ee0 of 64 bytes failed: Only part of a ReadProcessMemory or WriteProcessMemory request was completed. (0x12B)
[0804/093202.246:ERROR:process_memory_win.cc(73)] ReadMemory at 0x1b815b08010 of 132 bytes failed: Only part of a ReadProcessMemory or WriteProcessMemory request was completed. (0x12B)
[0804/093202.246:ERROR:process_memory_win.cc(73)] ReadMemory at 0x1b815b081a0 of 154 bytes failed: Only part of a ReadProcessMemory or WriteProcessMemory request was completed. (0x12B)
[0804/093202.246:ERROR:process_memory_win.cc(73)] ReadMemory at 0x1b815b082f0 of 62 bytes failed: Only part of a ReadProcessMemory or WriteProcessMemory request was completed. (0x12B)
[0804/093202.247:ERROR:process_memory_win.cc(73)] ReadMemory at 0x1b815b08340 of 132 bytes failed: Only part of a ReadProcessMemory or WriteProcessMemory request was completed. (0x12B)
[0804/093202.247:ERROR:process_memory_win.cc(73)] ReadMemory at 0x1b815b084d0 of 68 bytes failed: Only part of a ReadProcessMemory or WriteProcessMemory request was completed. (0x12B)
[0804/093202.247:ERROR:process_memory_win.cc(73)] ReadMemory at 0x1b815b09e80 of 132 bytes failed: Only part of a ReadProcessMemory or WriteProcessMemory request was completed. (0x12B)
[0804/093202.247:ERROR:process_memory_win.cc(73)] ReadMemory at 0x1b815b0aaf0 of 132 bytes failed: Only part of a ReadProcessMemory or WriteProcessMemory request was completed. (0x12B)
[0804/093202.247:ERROR:process_memory_win.cc(73)] ReadMemory at 0x1b815b0bf50 of 60 bytes failed: Only part of a ReadProcessMemory or WriteProcessMemory request was completed. (0x12B)
[0804/093202.247:ERROR:process_memory_win.cc(73)] ReadMemory at 0x1b815b0fc60 of 60 bytes failed: Only part of a ReadProcessMemory or WriteProcessMemory request was completed. (0x12B)
[0804/093202.247:ERROR:process_memory_win.cc(73)] ReadMemory at 0x1b815b16440 of 132 bytes failed: Only part of a ReadProcessMemory or WriteProcessMemory request was completed. (0x12B)
[0804/093202.247:ERROR:process_memory_win.cc(73)] ReadMemory at 0x1b815b16760 of 132 bytes failed: Only part of a ReadProcessMemory or WriteProcessMemory request was completed. (0x12B)
[0804/093202.247:ERROR:process_memory_win.cc(73)] ReadMemory at 0x1b815b16f00 of 132 bytes failed: Only part of a ReadProcessMemory or WriteProcessMemory request was completed. (0x12B)
[0804/093202.247:ERROR:process_memory_win.cc(73)] ReadMemory at 0x1b815b171e0 of 132 bytes failed: Only part of a ReadProcessMemory or WriteProcessMemory request was completed. (0x12B)
[0804/093202.247:ERROR:process_memory_win.cc(73)] ReadMemory at 0x1b815b17310 of 132 bytes failed: Only part of a ReadProcessMemory or WriteProcessMemory request was completed. (0x12B)
[0804/093202.247:ERROR:process_memory_win.cc(73)] ReadMemory at 0x1b815b17440 of 132 bytes failed: Only part of a ReadProcessMemory or WriteProcessMemory request was completed. (0x12B)
[0804/093202.247:ERROR:process_memory_win.cc(73)] ReadMemory at 0x1b815b17570 of 132 bytes failed: Only part of a ReadProcessMemory or WriteProcessMemory request was completed. (0x12B)
[0804/093202.247:ERROR:process_memory_win.cc(73)] ReadMemory at 0x1b815b176a0 of 132 bytes failed: Only part of a ReadProcessMemory or WriteProcessMemory request was completed. (0x12B)
[0804/093202.247:ERROR:process_memory_win.cc(73)] ReadMemory at 0x1b815b177d0 of 132 bytes failed: Only part of a ReadProcessMemory or WriteProcessMemory request was completed. (0x12B)
[0804/093202.247:ERROR:process_memory_win.cc(73)] ReadMemory at 0x1b815b17900 of 132 bytes failed: Only part of a ReadProcessMemory or WriteProcessMemory request was completed. (0x12B)
[0804/093202.247:ERROR:process_memory_win.cc(73)] ReadMemory at 0x1b815b17a30 of 132 bytes failed: Only part of a ReadProcessMemory or WriteProcessMemory request was completed. (0x12B)
[0804/093202.247:ERROR:process_memory_win.cc(73)] ReadMemory at 0x1b815b17b60 of 132 bytes failed: Only part of a ReadProcessMemory or WriteProcessMemory request was completed. (0x12B)
[0804/093202.247:ERROR:process_memory_win.cc(73)] ReadMemory at 0x1b815b17c90 of 132 bytes failed: Only part of a ReadProcessMemory or WriteProcessMemory request was completed. (0x12B)
[0804/093202.247:ERROR:process_memory_win.cc(73)] ReadMemory at 0x1b815b17dc0 of 132 bytes failed: Only part of a ReadProcessMemory or WriteProcessMemory request was completed. (0x12B)
[0804/093202.247:ERROR:process_memory_win.cc(73)] ReadMemory at 0x1b815b17ef0 of 132 bytes failed: Only part of a ReadProcessMemory or WriteProcessMemory request was completed. (0x12B)
[0804/093202.247:ERROR:process_memory_win.cc(73)] ReadMemory at 0x1b815b191b0 of 132 bytes failed: Only part of a ReadProcessMemory or WriteProcessMemory request was completed. (0x12B)
[0804/093202.247:ERROR:process_memory_win.cc(73)] ReadMemory at 0x1b815b19500 of 132 bytes failed: Only part of a ReadProcessMemory or WriteProcessMemory request was completed. (0x12B)
[0804/093202.248:ERROR:process_memory_win.cc(73)] ReadMemory at 0x1b815b19710 of 132 bytes failed: Only part of a ReadProcessMemory or WriteProcessMemory request was completed. (0x12B)
[0804/093202.248:ERROR:process_memory_win.cc(73)] ReadMemory at 0x1b815b1a7a0 of 132 bytes failed: Only part of a ReadProcessMemory or WriteProcessMemory request was completed. (0x12B)
[0804/093202.248:ERROR:process_memory_win.cc(73)] ReadMemory at 0x1b815b1ba50 of 132 bytes failed: Only part of a ReadProcessMemory or WriteProcessMemory request was completed. (0x12B)
[0804/093202.248:ERROR:process_memory_win.cc(73)] ReadMemory at 0x1b815b1f1e0 of 64 bytes failed: Only part of a ReadProcessMemory or WriteProcessMemory request was completed. (0x12B)
[0804/093202.248:ERROR:process_memory_win.cc(73)] ReadMemory at 0x1b815b1f230 of 60 bytes failed: Only part of a ReadProcessMemory or WriteProcessMemory request was completed. (0x12B)
[0804/093202.248:ERROR:process_memory_win.cc(73)] ReadMemory at 0x1b815b1f370 of 62 bytes failed: Only part of a ReadProcessMemory or WriteProcessMemory request was completed. (0x12B)
[0804/093202.248:ERROR:process_memory_win.cc(73)] ReadMemory at 0x1b815b1f3c0 of 60 bytes failed: Only part of a ReadProcessMemory or WriteProcessMemory request was completed. (0x12B)
[0804/093202.248:ERROR:process_memory_win.cc(73)] ReadMemory at 0x1b815b1f410 of 60 bytes failed: Only part of a ReadProcessMemory or WriteProcessMemory request was completed. (0x12B)
[0804/093202.248:ERROR:process_memory_win.cc(73)] ReadMemory at 0x1b815b1f550 of 64 bytes failed: Only part of a ReadProcessMemory or WriteProcessMemory request was completed. (0x12B)
[0804/093202.248:ERROR:process_memory_win.cc(73)] ReadMemory at 0x1b815b1f640 of 62 bytes failed: Only part of a ReadProcessMemory or WriteProcessMemory request was completed. (0x12B)
[0804/093202.248:ERROR:process_memory_win.cc(73)] ReadMemory at 0x1b815b1f730 of 64 bytes failed: Only part of a ReadProcessMemory or WriteProcessMemory request was completed. (0x12B)
[0804/093202.248:ERROR:process_memory_win.cc(73)] ReadMemory at 0x1b815b1f870 of 62 bytes failed: Only part of a ReadProcessMemory or WriteProcessMemory request was completed. (0x12B)
[0804/093202.248:ERROR:process_memory_win.cc(73)] ReadMemory at 0x1b815b1f8c0 of 64 bytes failed: Only part of a ReadProcessMemory or WriteProcessMemory request was completed. (0x12B)
[0804/093202.248:ERROR:process_memory_win.cc(73)] ReadMemory at 0x1b815b1f9b0 of 60 bytes failed: Only part of a ReadProcessMemory or WriteProcessMemory request was completed. (0x12B)
[0804/093202.248:ERROR:process_memory_win.cc(73)] ReadMemory at 0x1b815b1fa00 of 66 bytes failed: Only part of a ReadProcessMemory or WriteProcessMemory request was completed. (0x12B)
[0804/093202.248:ERROR:process_memory_win.cc(73)] ReadMemory at 0x1b815b1fb90 of 64 bytes failed: Only part of a ReadProcessMemory or WriteProcessMemory request was completed. (0x12B)
[0804/093202.248:ERROR:process_memory_win.cc(73)] ReadMemory at 0x1b815b1fbe0 of 62 bytes failed: Only part of a ReadProcessMemory or WriteProcessMemory request was completed. (0x12B)
[0804/093202.248:ERROR:process_memory_win.cc(73)] ReadMemory at 0x1b815b1fc80 of 64 bytes failed: Only part of a ReadProcessMemory or WriteProcessMemory request was completed. (0x12B)
[0804/093202.248:ERROR:process_memory_win.cc(73)] ReadMemory at 0x1b815b1fcd0 of 62 bytes failed: Only part of a ReadProcessMemory or WriteProcessMemory request was completed. (0x12B)
[0804/093202.248:ERROR:process_memory_win.cc(73)] ReadMemory at 0x1b815b1fd70 of 62 bytes failed: Only part of a ReadProcessMemory or WriteProcessMemory request was completed. (0x12B)
[0804/093202.248:ERROR:process_memory_win.cc(73)] ReadMemory at 0x1b815b1fdc0 of 62 bytes failed: Only part of a ReadProcessMemory or WriteProcessMemory request was completed. (0x12B)
[0804/093202.248:ERROR:process_memory_win.cc(73)] ReadMemory at 0x1b815b1fe10 of 64 bytes failed: Only part of a ReadProcessMemory or WriteProcessMemory request was completed. (0x12B)
[0804/093202.249:ERROR:process_memory_win.cc(73)] ReadMemory at 0x1b815b1feb0 of 62 bytes failed: Only part of a ReadProcessMemory or WriteProcessMemory request was completed. (0x12B)
[0804/093202.249:ERROR:process_memory_win.cc(73)] ReadMemory at 0x1b815b1ff50 of 58 bytes failed: Only part of a ReadProcessMemory or WriteProcessMemory request was completed. (0x12B)
[0804/093202.249:ERROR:process_memory_win.cc(73)] ReadMemory at 0x1b815b21d30 of 146 bytes failed: Only part of a ReadProcessMemory or WriteProcessMemory request was completed. (0x12B)
[0804/093202.249:ERROR:process_memory_win.cc(73)] ReadMemory at 0x1b815b21e50 of 132 bytes failed: Only part of a ReadProcessMemory or WriteProcessMemory request was completed. (0x12B)
[0804/093202.249:ERROR:process_memory_win.cc(73)] ReadMemory at 0x1b815b248a0 of 80 bytes failed: Only part of a ReadProcessMemory or WriteProcessMemory request was completed. (0x12B)
[0804/093202.249:ERROR:process_memory_win.cc(73)] ReadMemory at 0x1b815b24ae0 of 80 bytes failed: Only part of a ReadProcessMemory or WriteProcessMemory request was completed. (0x12B)
[0804/093202.249:ERROR:process_memory_win.cc(73)] ReadMemory at 0x1b815b251f0 of 132 bytes failed: Only part of a ReadProcessMemory or WriteProcessMemory request was completed. (0x12B)
[0804/093202.249:ERROR:process_memory_win.cc(73)] ReadMemory at 0x1b815b25320 of 132 bytes failed: Only part of a ReadProcessMemory or WriteProcessMemory request was completed. (0x12B)
[0804/093202.249:ERROR:process_memory_win.cc(73)] ReadMemory at 0x1b815b25450 of 132 bytes failed: Only part of a ReadProcessMemory or WriteProcessMemory request was completed. (0x12B)
[0804/093202.249:ERROR:process_memory_win.cc(73)] ReadMemory at 0x1b815b257e0 of 132 bytes failed: Only part of a ReadProcessMemory or WriteProcessMemory request was completed. (0x12B)
[0804/093202.249:ERROR:process_memory_win.cc(73)] ReadMemory at 0x1b815b25b70 of 132 bytes failed: Only part of a ReadProcessMemory or WriteProcessMemory request was completed. (0x12B)
[0804/093202.249:ERROR:process_memory_win.cc(73)] ReadMemory at 0x1b815b25dd0 of 132 bytes failed: Only part of a ReadProcessMemory or WriteProcessMemory request was completed. (0x12B)
[0804/093202.249:ERROR:process_memory_win.cc(73)] ReadMemory at 0x1b815b25f00 of 132 bytes failed: Only part of a ReadProcessMemory or WriteProcessMemory request was completed. (0x12B)
[0804/093202.249:ERROR:process_memory_win.cc(73)] ReadMemory at 0x1b815b26030 of 132 bytes failed: Only part of a ReadProcessMemory or WriteProcessMemory request was completed. (0x12B)
[0804/093202.249:ERROR:process_memory_win.cc(73)] ReadMemory at 0x1b815b26160 of 132 bytes failed: Only part of a ReadProcessMemory or WriteProcessMemory request was completed. (0x12B)
[0804/093202.249:ERROR:process_memory_win.cc(73)] ReadMemory at 0x1b815b264f0 of 132 bytes failed: Only part of a ReadProcessMemory or WriteProcessMemory request was completed. (0x12B)
[0804/093202.249:ERROR:process_memory_win.cc(73)] ReadMemory at 0x1b815b26620 of 132 bytes failed: Only part of a ReadProcessMemory or WriteProcessMemory request was completed. (0x12B)
[0804/093202.249:ERROR:process_memory_win.cc(73)] ReadMemory at 0x1b815b26750 of 132 bytes failed: Only part of a ReadProcessMemory or WriteProcessMemory request was completed. (0x12B)
[0804/093202.249:ERROR:process_memory_win.cc(73)] ReadMemory at 0x1b815b26c10 of 132 bytes failed: Only part of a ReadProcessMemory or WriteProcessMemory request was completed. (0x12B)
[0804/093202.249:ERROR:process_memory_win.cc(73)] ReadMemory at 0x1b815b26e70 of 132 bytes failed: Only part of a ReadProcessMemory or WriteProcessMemory request was completed. (0x12B)
[0804/093202.249:ERROR:process_memory_win.cc(73)] ReadMemory at 0x1b815b4e360 of 66 bytes failed: Only part of a ReadProcessMemory or WriteProcessMemory request was completed. (0x12B)
[0804/093202.249:ERROR:process_memory_win.cc(73)] ReadMemory at 0x1b815b4e590 of 58 bytes failed: Only part of a ReadProcessMemory or WriteProcessMemory request was completed. (0x12B)
[0804/093202.249:ERROR:process_memory_win.cc(73)] ReadMemory at 0x1b815b4e680 of 60 bytes failed: Only part of a ReadProcessMemory or WriteProcessMemory request was completed. (0x12B)
[0804/093202.249:ERROR:process_memory_win.cc(73)] ReadMemory at 0x1b815b4e900 of 58 bytes failed: Only part of a ReadProcessMemory or WriteProcessMemory request was completed. (0x12B)
[0804/093202.249:ERROR:process_memory_win.cc(73)] ReadMemory at 0x1b815b4ed60 of 62 bytes failed: Only part of a ReadProcessMemory or WriteProcessMemory request was completed. (0x12B)
[0804/093202.250:ERROR:process_memory_win.cc(73)] ReadMemory at 0x1b815b4edb0 of 62 bytes failed: Only part of a ReadProcessMemory or WriteProcessMemory request was completed. (0x12B)
[0804/093202.250:ERROR:process_memory_win.cc(73)] ReadMemory at 0x1b815b4f080 of 62 bytes failed: Only part of a ReadProcessMemory or WriteProcessMemory request was completed. (0x12B)
[0804/093202.250:ERROR:process_memory_win.cc(73)] ReadMemory at 0x1b815b4f210 of 60 bytes failed: Only part of a ReadProcessMemory or WriteProcessMemory request was completed. (0x12B)
[0804/093202.250:ERROR:process_memory_win.cc(73)] ReadMemory at 0x1b815b4f2b0 of 60 bytes failed: Only part of a ReadProcessMemory or WriteProcessMemory request was completed. (0x12B)
[0804/093202.250:ERROR:process_memory_win.cc(73)] ReadMemory at 0x1b815b5a0b0 of 78 bytes failed: Only part of a ReadProcessMemory or WriteProcessMemory request was completed. (0x12B)
[0804/093202.250:ERROR:process_memory_win.cc(73)] ReadMemory at 0x1b815b78200 of 512 bytes failed: Only part of a ReadProcessMemory or WriteProcessMemory request was completed. (0x12B)
[0804/093202.250:ERROR:process_memory_win.cc(73)] ReadMemory at 0x1b815b8b2e0 of 512 bytes failed: Only part of a ReadProcessMemory or WriteProcessMemory request was completed. (0x12B)
[0804/093202.250:ERROR:process_memory_win.cc(73)] ReadMemory at 0x1b815b8bcc0 of 712 bytes failed: Only part of a ReadProcessMemory or WriteProcessMemory request was completed. (0x12B)
[0804/093202.250:ERROR:process_memory_win.cc(73)] ReadMemory at 0x1b815bfc4b0 of 512 bytes failed: Only part of a ReadProcessMemory or WriteProcessMemory request was completed. (0x12B)
[0804/093202.250:ERROR:process_memory_win.cc(73)] ReadMemory at 0x1b815bfe950 of 512 bytes failed: Only part of a ReadProcessMemory or WriteProcessMemory request was completed. (0x12B)
[0804/093202.250:ERROR:process_memory_win.cc(73)] ReadMemory at 0x1b8177b2200 of 512 bytes failed: Only part of a ReadProcessMemory or WriteProcessMemory request was completed. (0x12B)
[0804/093202.250:ERROR:process_memory_win.cc(73)] ReadMemory at 0x1b8177e1a80 of 512 bytes failed: Only part of a ReadProcessMemory or WriteProcessMemory request was completed. (0x12B)
[0804/093202.250:ERROR:process_memory_win.cc(73)] ReadMemory at 0x1b817849a60 of 512 bytes failed: Only part of a ReadProcessMemory or WriteProcessMemory request was completed. (0x12B)
[0804/093202.250:ERROR:process_memory_win.cc(73)] ReadMemory at 0x1b81786a640 of 512 bytes failed: Only part of a ReadProcessMemory or WriteProcessMemory request was completed. (0x12B)
[0804/093202.250:ERROR:process_memory_win.cc(73)] ReadMemory at 0x1b818316020 of 512 bytes failed: Only part of a ReadProcessMemory or WriteProcessMemory request was completed. (0x12B)
[0804/093202.250:ERROR:process_memory_win.cc(73)] ReadMemory at 0x1b8189e1b00 of 512 bytes failed: Only part of a ReadProcessMemory or WriteProcessMemory request was completed. (0x12B)
[0804/093202.250:ERROR:process_memory_win.cc(73)] ReadMemory at 0x56600000000 of 384 bytes failed: Only part of a ReadProcessMemory or WriteProcessMemory request was completed. (0x12B)
[0804/093202.250:ERROR:process_memory_win.cc(73)] ReadMemory at 0x56608457285 of 512 bytes failed: Only part of a ReadProcessMemory or WriteProcessMemory request was completed. (0x12B)
[0804/093202.250:ERROR:process_memory_win.cc(73)] ReadMemory at 0x566085ff769 of 512 bytes failed: Only part of a ReadProcessMemory or WriteProcessMemory request was completed. (0x12B)
[0804/093202.250:ERROR:process_memory_win.cc(73)] ReadMemory at 0x56608b269b9 of 512 bytes failed: Only part of a ReadProcessMemory or WriteProcessMemory request was completed. (0x12B)
[0804/093202.250:ERROR:process_memory_win.cc(73)] ReadMemory at 0x56608c14dfd of 512 bytes failed: Only part of a ReadProcessMemory or WriteProcessMemory request was completed. (0x12B)
[0804/093202.251:ERROR:process_memory_win.cc(73)] ReadMemory at 0x566091e05d9 of 512 bytes failed: Only part of a ReadProcessMemory or WriteProcessMemory request was completed. (0x12B)
[0804/093202.251:ERROR:process_memory_win.cc(73)] ReadMemory at 0x7dd5a25ee380 of 512 bytes failed: Only part of a ReadProcessMemory or WriteProcessMemory request was completed. (0x12B)
[0804/093202.251:ERROR:process_memory_win.cc(73)] ReadMemory at 0x7ffaf1773f71 of 512 bytes failed: Only part of a ReadProcessMemory or WriteProcessMemory request was completed. (0x12B)
[0804/093202.251:ERROR:process_memory_win.cc(73)] ReadMemory at 0x7ffaf33389f0 of 512 bytes failed: Only part of a ReadProcessMemory or WriteProcessMemory request was completed. (0x12B)
[0804/093202.251:ERROR:process_memory_win.cc(73)] ReadMemory at 0x7ffaf39f0260 of 512 bytes failed: Only part of a ReadProcessMemory or WriteProcessMemory request was completed. (0x12B)
[0804/093202.251:ERROR:process_memory_win.cc(73)] ReadMemory at 0x7ffaf3ebde1e of 512 bytes failed: Only part of a ReadProcessMemory or WriteProcessMemory request was completed. (0x12B)
[0804/093202.251:ERROR:process_memory_win.cc(73)] ReadMemory at 0x7ffaf3f0979c of 512 bytes failed: Only part of a ReadProcessMemory or WriteProcessMemory request was completed. (0x12B)
[0804/093202.251:ERROR:process_memory_win.cc(73)] ReadMemory at 0x7ffaf8587978 of 512 bytes failed: Only part of a ReadProcessMemory or WriteProcessMemory request was completed. (0x12B)
[0804/093202.251:ERROR:process_memory_win.cc(73)] ReadMemory at 0x7ffaf91e8f78 of 512 bytes failed: Only part of a ReadProcessMemory or WriteProcessMemory request was completed. (0x12B)
[0804/093202.251:ERROR:process_memory_win.cc(73)] ReadMemory at 0x7ffb5fcaa8a0 of 512 bytes failed: Only part of a ReadProcessMemory or WriteProcessMemory request was completed. (0x12B)
[0804/093202.251:ERROR:process_memory_win.cc(73)] ReadMemory at 0x7ffb62312b64 of 512 bytes failed: Only part of a ReadProcessMemory or WriteProcessMemory request was completed. (0x12B)
[0804/093202.251:ERROR:process_memory_win.cc(73)] ReadMemory at 0x7ffb62313164 of 512 bytes failed: Only part of a ReadProcessMemory or WriteProcessMemory request was completed. (0x12B)
[0804/093202.251:ERROR:process_memory_win.cc(73)] ReadMemory at 0x7ffb62316514 of 608 bytes failed: Only part of a ReadProcessMemory or WriteProcessMemory request was completed. (0x12B)
[0804/093202.251:ERROR:process_memory_win.cc(73)] ReadMemory at 0x7ffb623a87c0 of 18 bytes failed: Only part of a ReadProcessMemory or WriteProcessMemory request was completed. (0x12B)
[0804/093202.251:ERROR:process_memory_win.cc(73)] ReadMemory at 0x7ffb623da4c0 of 40 bytes failed: Only part of a ReadProcessMemory or WriteProcessMemory request was completed. (0x12B)
[0804/093202.251:ERROR:process_memory_win.cc(73)] ReadMemory at 0x7ffb623da978 of 48 bytes failed: Only part of a ReadProcessMemory or WriteProcessMemory request was completed. (0x12B)
[0804/093202.251:ERROR:process_memory_win.cc(73)] ReadMemory at 0x7ffb623e05a0 of 64 bytes failed: Only part of a ReadProcessMemory or WriteProcessMemory request was completed. (0x12B)
[0804/093202.251:ERROR:scoped_process_suspend.cc(40)] NtResumeProcess: An attempt was made to access an exiting process. (0xc000010a)
